{"contracts\\HonestHotel.sol":{"l":{"17":72,"21":2,"25":9,"26":9,"28":450,"29":22,"32":9,"36":27,"38":26,"40":45,"41":45,"42":44,"45":43,"46":43,"47":43,"48":43,"53":9,"55":8,"57":12,"58":12,"59":11,"61":10,"62":10,"63":1,"65":10,"66":10,"71":6,"73":5,"75":11,"76":11,"77":10,"79":9,"80":9,"81":9,"82":2,"84":9,"85":9,"90":4,"91":1,"93":3,"95":21,"98":3,"100":3,"102":153,"103":153,"105":11,"106":11,"112":1,"116":11,"118":22,"119":10,"122":1,"127":19,"128":19,"132":19,"134":35,"135":19,"138":0,"142":19,"143":0,"145":19,"146":19,"151":3,"152":3,"156":3,"157":3,"161":3,"163":4,"164":3,"167":0},"path":"C:\\Users\\Iaro\\Desktop\\Honest Hotel\\contracts\\HonestHotel.sol","s":{"1":2,"2":9,"3":9,"4":450,"5":9,"6":27,"7":26,"8":45,"9":45,"10":44,"11":43,"12":43,"13":43,"14":9,"15":8,"16":12,"17":12,"18":11,"19":10,"20":10,"21":1,"22":10,"23":6,"24":5,"25":11,"26":11,"27":10,"28":9,"29":9,"30":9,"31":2,"32":9,"33":4,"34":1,"35":3,"36":3,"37":153,"38":153,"39":11,"40":11,"41":22,"42":10,"43":1,"44":19,"45":19,"46":19,"47":35,"48":19,"49":0,"50":19,"51":0,"52":19,"53":3,"54":3,"55":3,"56":3,"57":4,"58":3,"59":0},"b":{"1":[22,428],"2":[26,1],"3":[44,1],"4":[43,1],"5":[8,1],"6":[11,1],"7":[10,1],"8":[1,9],"9":[6,1],"10":[5,1],"11":[10,1],"12":[9,1],"13":[2,7],"14":[4,1],"15":[1,3],"16":[11,142],"17":[1,1],"18":[10,12],"19":[19,16],"20":[0,19],"21":[0,0],"22":[3,1]},"f":{"1":72,"2":2,"3":9,"4":27,"5":9,"6":6,"7":4,"8":1,"9":11,"10":19,"11":19,"12":19,"13":3,"14":3,"15":3},"fnMap":{"1":{"name":"constructor","line":16,"loc":{"start":{"line":16,"column":4},"end":{"line":18,"column":4}}},"2":{"name":"getRoomCount","line":20,"loc":{"start":{"line":20,"column":4},"end":{"line":22,"column":4}}},"3":{"name":"getOccupiedRoomsNr","line":24,"loc":{"start":{"line":24,"column":4},"end":{"line":33,"column":4}}},"4":{"name":"occupyRooms","line":35,"loc":{"start":{"line":35,"column":4},"end":{"line":50,"column":4}}},"5":{"name":"freeRooms","line":52,"loc":{"start":{"line":52,"column":4},"end":{"line":68,"column":4}}},"6":{"name":"forceFreeRooms","line":70,"loc":{"start":{"line":70,"column":4},"end":{"line":87,"column":4}}},"7":{"name":"forceFreeAllRooms","line":89,"loc":{"start":{"line":89,"column":4},"end":{"line":109,"column":4}}},"8":{"name":"increaseRoomCountBy","line":111,"loc":{"start":{"line":111,"column":4},"end":{"line":113,"column":4}}},"9":{"name":"isUintInList","line":115,"loc":{"start":{"line":115,"column":4},"end":{"line":123,"column":4}}},"10":{"name":"removeElementFromUintArrayByValue","line":126,"loc":{"start":{"line":126,"column":4},"end":{"line":129,"column":4}}},"11":{"name":"getElementIdInUintArrayByValue","line":131,"loc":{"start":{"line":131,"column":4},"end":{"line":139,"column":4}}},"12":{"name":"removeElementFromUintArrayById","line":141,"loc":{"start":{"line":141,"column":4},"end":{"line":147,"column":4}}},"13":{"name":"removeClientById","line":150,"loc":{"start":{"line":150,"column":4},"end":{"line":153,"column":4}}},"14":{"name":"removeClientByAddress","line":155,"loc":{"start":{"line":155,"column":4},"end":{"line":158,"column":4}}},"15":{"name":"getClientIdByAddress","line":160,"loc":{"start":{"line":160,"column":4},"end":{"line":168,"column":4}}}},"statementMap":{"1":{"start":{"line":21,"column":8},"end":{"line":21,"column":24}},"2":{"start":{"line":25,"column":8},"end":{"line":25,"column":32}},"3":{"start":{"line":26,"column":8},"end":{"line":26,"column":712}},"4":{"start":{"line":28,"column":12},"end":{"line":28,"column":816}},"5":{"start":{"line":32,"column":8},"end":{"line":32,"column":30}},"6":{"start":{"line":36,"column":8},"end":{"line":36,"column":107}},"7":{"start":{"line":38,"column":8},"end":{"line":38,"column":1117}},"8":{"start":{"line":40,"column":12},"end":{"line":40,"column":40}},"9":{"start":{"line":41,"column":12},"end":{"line":41,"column":78}},"10":{"start":{"line":42,"column":12},"end":{"line":42,"column":140}},"11":{"start":{"line":45,"column":12},"end":{"line":45,"column":35}},"12":{"start":{"line":46,"column":12},"end":{"line":46,"column":50}},"13":{"start":{"line":48,"column":12},"end":{"line":48,"column":49}},"14":{"start":{"line":53,"column":8},"end":{"line":53,"column":104}},"15":{"start":{"line":55,"column":8},"end":{"line":55,"column":1954}},"16":{"start":{"line":57,"column":12},"end":{"line":57,"column":40}},"17":{"start":{"line":58,"column":12},"end":{"line":58,"column":78}},"18":{"start":{"line":59,"column":12},"end":{"line":59,"column":123}},"19":{"start":{"line":61,"column":12},"end":{"line":61,"column":80}},"20":{"start":{"line":62,"column":12},"end":{"line":62,"column":2406}},"21":{"start":{"line":63,"column":16},"end":{"line":63,"column":48}},"22":{"start":{"line":66,"column":12},"end":{"line":66,"column":58}},"23":{"start":{"line":71,"column":8},"end":{"line":71,"column":104}},"24":{"start":{"line":73,"column":8},"end":{"line":73,"column":2795}},"25":{"start":{"line":75,"column":12},"end":{"line":75,"column":40}},"26":{"start":{"line":76,"column":12},"end":{"line":76,"column":78}},"27":{"start":{"line":77,"column":12},"end":{"line":77,"column":111}},"28":{"start":{"line":79,"column":12},"end":{"line":79,"column":56}},"29":{"start":{"line":80,"column":12},"end":{"line":80,"column":82}},"30":{"start":{"line":81,"column":12},"end":{"line":81,"column":3299}},"31":{"start":{"line":82,"column":16},"end":{"line":82,"column":50}},"32":{"start":{"line":85,"column":12},"end":{"line":85,"column":60}},"33":{"start":{"line":90,"column":8},"end":{"line":90,"column":3560}},"34":{"start":{"line":91,"column":12},"end":{"line":91,"column":18}},"35":{"start":{"line":93,"column":8},"end":{"line":93,"column":3607}},"36":{"start":{"line":100,"column":8},"end":{"line":100,"column":3770}},"37":{"start":{"line":102,"column":12},"end":{"line":102,"column":51}},"38":{"start":{"line":103,"column":12},"end":{"line":103,"column":3891}},"39":{"start":{"line":106,"column":16},"end":{"line":106,"column":59}},"40":{"start":{"line":116,"column":8},"end":{"line":116,"column":4294}},"41":{"start":{"line":118,"column":12},"end":{"line":118,"column":4382}},"42":{"start":{"line":119,"column":16},"end":{"line":119,"column":27}},"43":{"start":{"line":122,"column":8},"end":{"line":122,"column":20}},"44":{"start":{"line":127,"column":8},"end":{"line":127,"column":65}},"45":{"start":{"line":128,"column":8},"end":{"line":128,"column":51}},"46":{"start":{"line":132,"column":8},"end":{"line":132,"column":4811}},"47":{"start":{"line":134,"column":12},"end":{"line":134,"column":4896}},"48":{"start":{"line":135,"column":16},"end":{"line":135,"column":24}},"49":{"start":{"line":138,"column":8},"end":{"line":138,"column":79}},"50":{"start":{"line":142,"column":8},"end":{"line":142,"column":5142}},"51":{"start":{"line":143,"column":12},"end":{"line":143,"column":19}},"52":{"start":{"line":146,"column":8},"end":{"line":146,"column":18}},"53":{"start":{"line":152,"column":8},"end":{"line":152,"column":20}},"54":{"start":{"line":156,"column":8},"end":{"line":156,"column":49}},"55":{"start":{"line":157,"column":8},"end":{"line":157,"column":30}},"56":{"start":{"line":161,"column":8},"end":{"line":161,"column":5666}},"57":{"start":{"line":163,"column":12},"end":{"line":163,"column":5753}},"58":{"start":{"line":164,"column":16},"end":{"line":164,"column":24}},"59":{"start":{"line":167,"column":8},"end":{"line":167,"column":76}}},"branchMap":{"1":{"line":28,"type":"if","locations":[{"start":{"line":28,"column":12},"end":{"line":28,"column":12}},{"start":{"line":28,"column":12},"end":{"line":28,"column":12}}]},"2":{"line":36,"type":"if","locations":[{"start":{"line":36,"column":8},"end":{"line":36,"column":8}},{"start":{"line":36,"column":8},"end":{"line":36,"column":8}}]},"3":{"line":41,"type":"if","locations":[{"start":{"line":41,"column":12},"end":{"line":41,"column":12}},{"start":{"line":41,"column":12},"end":{"line":41,"column":12}}]},"4":{"line":42,"type":"if","locations":[{"start":{"line":42,"column":12},"end":{"line":42,"column":12}},{"start":{"line":42,"column":12},"end":{"line":42,"column":12}}]},"5":{"line":53,"type":"if","locations":[{"start":{"line":53,"column":8},"end":{"line":53,"column":8}},{"start":{"line":53,"column":8},"end":{"line":53,"column":8}}]},"6":{"line":58,"type":"if","locations":[{"start":{"line":58,"column":12},"end":{"line":58,"column":12}},{"start":{"line":58,"column":12},"end":{"line":58,"column":12}}]},"7":{"line":59,"type":"if","locations":[{"start":{"line":59,"column":12},"end":{"line":59,"column":12}},{"start":{"line":59,"column":12},"end":{"line":59,"column":12}}]},"8":{"line":62,"type":"if","locations":[{"start":{"line":62,"column":12},"end":{"line":62,"column":12}},{"start":{"line":62,"column":12},"end":{"line":62,"column":12}}]},"9":{"line":70,"type":"if","locations":[{"start":{"line":70,"column":64},"end":{"line":70,"column":64}},{"start":{"line":70,"column":64},"end":{"line":70,"column":64}}]},"10":{"line":71,"type":"if","locations":[{"start":{"line":71,"column":8},"end":{"line":71,"column":8}},{"start":{"line":71,"column":8},"end":{"line":71,"column":8}}]},"11":{"line":76,"type":"if","locations":[{"start":{"line":76,"column":12},"end":{"line":76,"column":12}},{"start":{"line":76,"column":12},"end":{"line":76,"column":12}}]},"12":{"line":77,"type":"if","locations":[{"start":{"line":77,"column":12},"end":{"line":77,"column":12}},{"start":{"line":77,"column":12},"end":{"line":77,"column":12}}]},"13":{"line":81,"type":"if","locations":[{"start":{"line":81,"column":12},"end":{"line":81,"column":12}},{"start":{"line":81,"column":12},"end":{"line":81,"column":12}}]},"14":{"line":89,"type":"if","locations":[{"start":{"line":89,"column":40},"end":{"line":89,"column":40}},{"start":{"line":89,"column":40},"end":{"line":89,"column":40}}]},"15":{"line":90,"type":"if","locations":[{"start":{"line":90,"column":8},"end":{"line":90,"column":8}},{"start":{"line":90,"column":8},"end":{"line":90,"column":8}}]},"16":{"line":103,"type":"if","locations":[{"start":{"line":103,"column":12},"end":{"line":103,"column":12}},{"start":{"line":103,"column":12},"end":{"line":103,"column":12}}]},"17":{"line":111,"type":"if","locations":[{"start":{"line":111,"column":57},"end":{"line":111,"column":57}},{"start":{"line":111,"column":57},"end":{"line":111,"column":57}}]},"18":{"line":118,"type":"if","locations":[{"start":{"line":118,"column":12},"end":{"line":118,"column":12}},{"start":{"line":118,"column":12},"end":{"line":118,"column":12}}]},"19":{"line":134,"type":"if","locations":[{"start":{"line":134,"column":12},"end":{"line":134,"column":12}},{"start":{"line":134,"column":12},"end":{"line":134,"column":12}}]},"20":{"line":142,"type":"if","locations":[{"start":{"line":142,"column":8},"end":{"line":142,"column":8}},{"start":{"line":142,"column":8},"end":{"line":142,"column":8}}]},"21":{"line":142,"type":"cond-expr","locations":[{"start":{"line":142,"column":12},"end":{"line":142,"column":28}},{"start":{"line":142,"column":33},"end":{"line":142,"column":50}}]},"22":{"line":163,"type":"if","locations":[{"start":{"line":163,"column":12},"end":{"line":163,"column":12}},{"start":{"line":163,"column":12},"end":{"line":163,"column":12}}]}}},"contracts\\Owner.sol":{"l":{"25":16,"26":12,"33":72,"34":72,"35":72,"43":1,"44":1,"52":2},"path":"C:\\Users\\Iaro\\Desktop\\Honest Hotel\\contracts\\Owner.sol","s":{"1":16,"2":72,"3":72,"4":1,"5":2},"b":{"1":[12,4],"2":[1,1]},"f":{"1":16,"2":72,"3":1,"4":2},"fnMap":{"1":{"name":"isOwner","line":19,"loc":{"start":{"line":19,"column":4},"end":{"line":27,"column":4}}},"2":{"name":"constructor","line":32,"loc":{"start":{"line":32,"column":4},"end":{"line":36,"column":4}}},"3":{"name":"changeOwner","line":42,"loc":{"start":{"line":42,"column":4},"end":{"line":45,"column":4}}},"4":{"name":"getOwner","line":51,"loc":{"start":{"line":51,"column":4},"end":{"line":53,"column":4}}}},"statementMap":{"1":{"start":{"line":25,"column":8},"end":{"line":25,"column":58}},"2":{"start":{"line":33,"column":8},"end":{"line":33,"column":61}},"3":{"start":{"line":35,"column":8},"end":{"line":35,"column":40}},"4":{"start":{"line":43,"column":8},"end":{"line":43,"column":38}},"5":{"start":{"line":52,"column":8},"end":{"line":52,"column":20}}},"branchMap":{"1":{"line":25,"type":"if","locations":[{"start":{"line":25,"column":8},"end":{"line":25,"column":8}},{"start":{"line":25,"column":8},"end":{"line":25,"column":8}}]},"2":{"line":42,"type":"if","locations":[{"start":{"line":42,"column":50},"end":{"line":42,"column":50}},{"start":{"line":42,"column":50},"end":{"line":42,"column":50}}]}}}}